2025-04-04 04:52:41.402167 - Received CBT.V508.FILE133.PDS from FILE133.XMI 
2025-04-04 04:52:41.403973 - Found $$$#DATE.txt (text/plain) in CBT.V508.FILE133.PDS, moved to PDS/$$$#DATE
2025-04-04 04:52:41.404111 - Found $$ASMDOC.txt (text/plain) in CBT.V508.FILE133.PDS, moved to PDS/$$ASMDOC
2025-04-04 04:52:41.404243 - Found $$DOC.txt (text/plain) in CBT.V508.FILE133.PDS, moved to PDS/$$DOC
2025-04-04 04:52:41.404432 - Found #SORT.txt (text/plain) in CBT.V508.FILE133.PDS, moved to PDS/#SORT
2025-04-04 04:52:41.404554 - Found @AMODE.txt (text/plain) in CBT.V508.FILE133.PDS, moved to PDS/@AMODE
2025-04-04 04:52:41.404729 - Found @FILE133.txt (text/plain) in CBT.V508.FILE133.PDS, moved to PDS/@FILE133
2025-04-04 04:52:41.404891 - Found ASM.txt (text/plain) in CBT.V508.FILE133.PDS, moved to PDS/ASM
2025-04-04 04:52:41.405015 - Found CLIST.txt (text/plain) in CBT.V508.FILE133.PDS, moved to PDS/CLIST
2025-04-04 04:52:41.405151 - Found CNTL.txt (text/plain) in CBT.V508.FILE133.PDS, moved to PDS/CNTL
2025-04-04 04:52:41.405330 - Found CPCMD.txt (text/plain) in CBT.V508.FILE133.PDS, moved to PDS/CPCMD
2025-04-04 04:52:41.405451 - Found CPCMD$.jcl (text/plain) in CBT.V508.FILE133.PDS, moved to PDS/CPCMD$
2025-04-04 04:52:41.405563 - Found DASDDEVC.txt (text/plain) in CBT.V508.FILE133.PDS, moved to PDS/DASDDEVC
2025-04-04 04:52:41.405675 - Found DASDSUB.txt (text/plain) in CBT.V508.FILE133.PDS, moved to PDS/DASDSUB
2025-04-04 04:52:41.405822 - Found DASDSUB$.jcl (text/plain) in CBT.V508.FILE133.PDS, moved to PDS/DASDSUB$
2025-04-04 04:52:41.405997 - Found DISASM3B.txt (text/plain) in CBT.V508.FILE133.PDS, moved to PDS/DISASM3B
2025-04-04 04:52:41.406113 - Found DSSLVL.txt (text/plain) in CBT.V508.FILE133.PDS, moved to PDS/DSSLVL
2025-04-04 04:52:41.406233 - Found DSSLVL$.jcl (text/plain) in CBT.V508.FILE133.PDS, moved to PDS/DSSLVL$
2025-04-04 04:52:41.406357 - Found IEZCTGFL.txt (text/plain) in CBT.V508.FILE133.PDS, moved to PDS/IEZCTGFL
2025-04-04 04:52:41.406491 - Found IEZCTGPL.txt (text/plain) in CBT.V508.FILE133.PDS, moved to PDS/IEZCTGPL
2025-04-04 04:52:41.406611 - Found JULSUB.txt (text/plain) in CBT.V508.FILE133.PDS, moved to PDS/JULSUB
2025-04-04 04:52:41.406813 - Found JULSUB$.jcl (text/plain) in CBT.V508.FILE133.PDS, moved to PDS/JULSUB$
2025-04-04 04:52:41.406968 - Found LASTCLP$.jcl (text/plain) in CBT.V508.FILE133.PDS, moved to PDS/LASTCLP$
2025-04-04 04:52:41.407109 - Found LASTCLPA.txt (text/plain) in CBT.V508.FILE133.PDS, moved to PDS/LASTCLPA
2025-04-04 04:52:41.407264 - Found LASTCLPO.txt (text/plain) in CBT.V508.FILE133.PDS, moved to PDS/LASTCLPO
2025-04-04 04:52:41.407390 - Found LNKLST.txt (text/plain) in CBT.V508.FILE133.PDS, moved to PDS/LNKLST
2025-04-04 04:52:41.407504 - Found LNKLST$.jcl (text/plain) in CBT.V508.FILE133.PDS, moved to PDS/LNKLST$
2025-04-04 04:52:41.407618 - Found LOGTIME.txt (text/plain) in CBT.V508.FILE133.PDS, moved to PDS/LOGTIME
2025-04-04 04:52:41.407732 - Found LOGTIME$.jcl (text/plain) in CBT.V508.FILE133.PDS, moved to PDS/LOGTIME$
2025-04-04 04:52:41.407850 - Found MACROS.txt (text/plain) in CBT.V508.FILE133.PDS, moved to PDS/MACROS
2025-04-04 04:52:41.407978 - Found MOREND.txt (text/plain) in CBT.V508.FILE133.PDS, moved to PDS/MOREND
2025-04-04 04:52:41.408109 - Found MOWSTART.txt (text/plain) in CBT.V508.FILE133.PDS, moved to PDS/MOWSTART
2025-04-04 04:52:41.408224 - Found RACFDS.txt (text/plain) in CBT.V508.FILE133.PDS, moved to PDS/RACFDS
2025-04-04 04:52:41.408335 - Found RACFDS$.jcl (text/plain) in CBT.V508.FILE133.PDS, moved to PDS/RACFDS$
2025-04-04 04:52:41.408445 - Found SETMODE.txt (text/plain) in CBT.V508.FILE133.PDS, moved to PDS/SETMODE
2025-04-04 04:52:41.408618 - Found SMFDS.txt (text/plain) in CBT.V508.FILE133.PDS, moved to PDS/SMFDS
2025-04-04 04:52:41.408735 - Found SMFDS$.jcl (text/plain) in CBT.V508.FILE133.PDS, moved to PDS/SMFDS$
2025-04-04 04:52:41.408897 - Found SVCTAB.txt (text/plain) in CBT.V508.FILE133.PDS, moved to PDS/SVCTAB
2025-04-04 04:52:41.409028 - Found SVCTAB$.jcl (text/plain) in CBT.V508.FILE133.PDS, moved to PDS/SVCTAB$
2025-04-04 04:52:41.409144 - Found SVCTAB$1.jcl (text/plain) in CBT.V508.FILE133.PDS, moved to PDS/SVCTAB$1
2025-04-04 04:52:41.409259 - Found SVCTAB#.txt (text/plain) in CBT.V508.FILE133.PDS, moved to PDS/SVCTAB#
2025-04-04 04:52:41.409369 - Found SVCTABO.txt (text/plain) in CBT.V508.FILE133.PDS, moved to PDS/SVCTABO
2025-04-04 04:52:41.409535 - Found SVCTAB01.txt (text/plain) in CBT.V508.FILE133.PDS, moved to PDS/SVCTAB01
2025-04-04 04:52:41.409727 - Found SVTOC.txt (text/plain) in CBT.V508.FILE133.PDS, moved to PDS/SVTOC
2025-04-04 04:52:41.409892 - Found TODCN.txt (text/plain) in CBT.V508.FILE133.PDS, moved to PDS/TODCN
2025-04-04 04:52:41.410005 - Found TODCN$.jcl (text/plain) in CBT.V508.FILE133.PDS, moved to PDS/TODCN$
2025-04-04 04:52:41.410132 - Found VSAMNAM$.jcl (text/plain) in CBT.V508.FILE133.PDS, moved to PDS/VSAMNAM$
2025-04-04 04:52:41.410256 - Found VSAMNAME.txt (text/plain) in CBT.V508.FILE133.PDS, moved to PDS/VSAMNAME
